<?xml version="1.0" encoding="UTF-8"?>
<!-- Generated by org.testng.reporters.JUnitReportReporter -->
<testsuite hostname="DESKTOP-757C9D4" failures="0" tests="1" name="parameter.subtract" time="0.005" errors="0" timestamp="2022-05-19T09:43:11 IST" skipped="0">
  <testcase classname="parameter.subtract" name="add" time="0.005"/>
  <system-out/>
</testsuite> <!-- parameter.subtract -->
