<?xml version="1.0" encoding="UTF-8"?>
<!-- Generated by org.testng.reporters.JUnitReportReporter -->
<testsuite hostname="DESKTOP-757C9D4" failures="0" tests="1" name="ui.Basics" time="0.011" errors="0" timestamp="2022-05-18T16:33:16 IST" skipped="0">
  <testcase classname="ui.Basics" name="googleTitleTest" time="0.011"/>
  <system-out/>
</testsuite> <!-- ui.Basics -->
