<?xml version="1.0" encoding="UTF-8"?>
<!-- Generated by org.testng.reporters.JUnitReportReporter -->
<testsuite hostname="DESKTOP-757C9D4" failures="0" tests="2" name="ui.LoginTest" time="0.016" errors="0" timestamp="2022-05-18T15:37:30 IST" skipped="0">
  <testcase classname="ui.LoginTest" name="bloginTest" time="0.014"/>
  <system-out/>
  <testcase classname="ui.LoginTest" name="alogoutTest" time="0.002"/>
  <system-out/>
</testsuite> <!-- ui.LoginTest -->
